1542051193032	mozrunner::runner	INFO	Running command: "/Applications/Firefox.app/Contents/MacOS/firefox-bin" "-marionette" "-foreground" "-no-remote" "-profile" "/var/folders/5h/712zxh_x6g3g5_jd28pth7lm0000gp/T/rust_mozprofile.PsBjXwTUHCKo"
2018-11-12 12:33:14.922 plugin-container[6893:78200] *** CFMessagePort: bootstrap_register(): failed 1100 (0x44c) 'Permission denied', port = 0x7643, name = 'com.apple.tsm.portname'
See /usr/include/servers/bootstrap_defs.h for the error codes.
2018-11-12 12:33:15.345 plugin-container[6894:78225] *** CFMessagePort: bootstrap_register(): failed 1100 (0x44c) 'Permission denied', port = 0x6e43, name = 'com.apple.tsm.portname'
See /usr/include/servers/bootstrap_defs.h for the error codes.
1542051195635	Marionette	INFO	Listening on port 52697
1542051195718	Marionette	WARN	TLS certificate errors will be ignored for this session
1542051195797	Marionette	DEBUG	[4294967297] Frame script loaded
1542051195800	Marionette	DEBUG	[4294967297] Frame script registered
1542051195832	Marionette	DEBUG	[4294967297] Received DOM event beforeunload for about:blank
1542051195870	Marionette	DEBUG	[4294967297] Received DOM event beforeunload for about:blank
1542051195873	Marionette	DEBUG	[4294967297] Received DOM event pagehide for about:blank
1542051196080	Marionette	DEBUG	[4294967297] Received DOM event DOMContentLoaded for about:neterror?e=connectionFailure&u=http%3A//localhost%3A8000/&c=UTF-8&f=regular&d=Firefox%20can%E2%80%99t%20establish%20a%20connection%20to%20the%20server%20at%20localhost%3A8000.
1542051196134	Marionette	INFO	Stopped listening on port 52697
1542051196185	addons.xpi	WARN	Exception running bootstrap method shutdown on activity-stream@mozilla.org: TypeError: setting getter-only property "_currentSearchHostname" (resource://activity-stream/lib/TopSitesFeed.jsm:86:5) JS Stack trace: uninit@TopSitesFeed.jsm:86:5
onAction@TopSitesFeed.jsm:707:9
_middleware/</<@Store.jsm:51:11
Store/this[method]@Store.jsm:29:55
uninit@Store.jsm:170:7
uninit@ActivityStream.jsm:363:5
uninit@resource://gre/modules/addons/XPIProvider.jsm -> jar:file:///Applications/Firefox.app/Contents/Resources/browser/features/activity-stream@bootstrap.js:86:5
shutdown@resource://gre/modules/addons/XPIProvider.jsm -> jar:file:///Applications/Firefox.app/Contents/Resources/browser/features/activity-stream@bootstrap.js:194:3
callBootstrapMethod@XPIProvider.jsm:1592:20
_shutdown@XPIProvider.jsm:1728:12
flushAllWindowsAsync@SessionStore.jsm:1697:7
ssi_onQuitApplicationGranted/<@SessionStore.jsm:1624:27
trigger@AsyncShutdown.jsm:710:23
_wait@AsyncShutdown.jsm:857:7
wait@AsyncShutdown.jsm:841:28
observe@AsyncShutdown.jsm:524:17
GeckoDriver.prototype.quit@driver.js:3319:3
despatch@server.js:297:20
execute@server.js:271:11
onPacket/<@server.js:246:15
onPacket@server.js:245:8
_onJSONObjectReady/<@transport.js:500:9
1542051206769	mozrunner::runner	INFO	Running command: "/Applications/Firefox.app/Contents/MacOS/firefox-bin" "-marionette" "-foreground" "-no-remote" "-profile" "/var/folders/5h/712zxh_x6g3g5_jd28pth7lm0000gp/T/rust_mozprofile.jXDL5J83CIhC"
2018-11-12 12:33:28.821 plugin-container[6909:78559] *** CFMessagePort: bootstrap_register(): failed 1100 (0x44c) 'Permission denied', port = 0x7147, name = 'com.apple.tsm.portname'
See /usr/include/servers/bootstrap_defs.h for the error codes.
2018-11-12 12:33:29.090 plugin-container[6910:78582] *** CFMessagePort: bootstrap_register(): failed 1100 (0x44c) 'Permission denied', port = 0x9207, name = 'com.apple.tsm.portname'
See /usr/include/servers/bootstrap_defs.h for the error codes.
1542051209543	Marionette	INFO	Listening on port 52743
1542051209553	Marionette	WARN	TLS certificate errors will be ignored for this session
1542051209626	Marionette	DEBUG	[4294967297] Frame script loaded
1542051209628	Marionette	DEBUG	[4294967297] Frame script registered
1542051209652	Marionette	DEBUG	[4294967297] Received DOM event beforeunload for about:blank
1542051209843	Marionette	DEBUG	[4294967297] Received DOM event pagehide for about:blank
1542051209867	Marionette	DEBUG	[4294967297] Received DOM event DOMContentLoaded for http://localhost:8000/
1542051210116	Marionette	DEBUG	[4294967297] Received DOM event pageshow for http://localhost:8000/
1542051210159	Marionette	INFO	Stopped listening on port 52743
1542051210209	addons.xpi	WARN	Exception running bootstrap method shutdown on activity-stream@mozilla.org: TypeError: setting getter-only property "_currentSearchHostname" (resource://activity-stream/lib/TopSitesFeed.jsm:86:5) JS Stack trace: uninit@TopSitesFeed.jsm:86:5
onAction@TopSitesFeed.jsm:707:9
_middleware/</<@Store.jsm:51:11
Store/this[method]@Store.jsm:29:55
uninit@Store.jsm:170:7
uninit@ActivityStream.jsm:363:5
uninit@resource://gre/modules/addons/XPIProvider.jsm -> jar:file:///Applications/Firefox.app/Contents/Resources/browser/features/activity-stream@bootstrap.js:86:5
shutdown@resource://gre/modules/addons/XPIProvider.jsm -> jar:file:///Applications/Firefox.app/Contents/Resources/browser/features/activity-stream@bootstrap.js:194:3
callBootstrapMethod@XPIProvider.jsm:1592:20
_shutdown@XPIProvider.jsm:1728:12
flushAllWindowsAsync@SessionStore.jsm:1697:7
ssi_onQuitApplicationGranted/<@SessionStore.jsm:1624:27
trigger@AsyncShutdown.jsm:710:23
_wait@AsyncShutdown.jsm:857:7
wait@AsyncShutdown.jsm:841:28
observe@AsyncShutdown.jsm:524:17
GeckoDriver.prototype.quit@driver.js:3319:3
despatch@server.js:297:20
execute@server.js:271:11
onPacket/<@server.js:246:15
onPacket@server.js:245:8
_onJSONObjectReady/<@transport.js:500:9
2018-11-12 12:33:30.351 plugin-container[6911:78686] *** CFMessagePort: bootstrap_register(): failed 1100 (0x44c) 'Permission denied', port = 0x8c47, name = 'com.apple.tsm.portname'
See /usr/include/servers/bootstrap_defs.h for the error codes.
1542051393258	mozrunner::runner	INFO	Running command: "/Applications/Firefox.app/Contents/MacOS/firefox-bin" "-marionette" "-foreground" "-no-remote" "-profile" "/var/folders/5h/712zxh_x6g3g5_jd28pth7lm0000gp/T/rust_mozprofile.2ewXtWMozjxs"
2018-11-12 12:36:35.100 plugin-container[6933:79541] *** CFMessagePort: bootstrap_register(): failed 1100 (0x44c) 'Permission denied', port = 0x8b07, name = 'com.apple.tsm.portname'
See /usr/include/servers/bootstrap_defs.h for the error codes.
2018-11-12 12:36:35.521 plugin-container[6934:79565] *** CFMessagePort: bootstrap_register(): failed 1100 (0x44c) 'Permission denied', port = 0x763f, name = 'com.apple.tsm.portname'
See /usr/include/servers/bootstrap_defs.h for the error codes.
1542051395945	Marionette	INFO	Listening on port 52808
1542051396029	Marionette	WARN	TLS certificate errors will be ignored for this session
1542051396090	Marionette	DEBUG	[4294967297] Frame script loaded
1542051396105	Marionette	DEBUG	[4294967297] Frame script registered
1542051396162	Marionette	DEBUG	[4294967297] Received DOM event beforeunload for about:blank
1542051396207	Marionette	DEBUG	[4294967297] Received DOM event pagehide for about:blank
1542051396229	Marionette	DEBUG	[4294967297] Received DOM event DOMContentLoaded for http://localhost:8000/
1542051396507	Marionette	DEBUG	[4294967297] Received DOM event pageshow for http://localhost:8000/
1542051396551	Marionette	INFO	Stopped listening on port 52808
2018-11-12 12:36:36.602 plugin-container[6935:79664] *** CFMessagePort: bootstrap_register(): failed 1100 (0x44c) 'Permission denied', port = 0x7b0b, name = 'com.apple.tsm.portname'
See /usr/include/servers/bootstrap_defs.h for the error codes.
1542051396603	addons.xpi	WARN	Exception running bootstrap method shutdown on activity-stream@mozilla.org: TypeError: setting getter-only property "_currentSearchHostname" (resource://activity-stream/lib/TopSitesFeed.jsm:86:5) JS Stack trace: uninit@TopSitesFeed.jsm:86:5
onAction@TopSitesFeed.jsm:707:9
_middleware/</<@Store.jsm:51:11
Store/this[method]@Store.jsm:29:55
uninit@Store.jsm:170:7
uninit@ActivityStream.jsm:363:5
uninit@resource://gre/modules/addons/XPIProvider.jsm -> jar:file:///Applications/Firefox.app/Contents/Resources/browser/features/activity-stream@bootstrap.js:86:5
shutdown@resource://gre/modules/addons/XPIProvider.jsm -> jar:file:///Applications/Firefox.app/Contents/Resources/browser/features/activity-stream@bootstrap.js:194:3
callBootstrapMethod@XPIProvider.jsm:1592:20
_shutdown@XPIProvider.jsm:1728:12
flushAllWindowsAsync@SessionStore.jsm:1697:7
ssi_onQuitApplicationGranted/<@SessionStore.jsm:1624:27
trigger@AsyncShutdown.jsm:710:23
_wait@AsyncShutdown.jsm:857:7
wait@AsyncShutdown.jsm:841:28
observe@AsyncShutdown.jsm:524:17
GeckoDriver.prototype.quit@driver.js:3319:3
despatch@server.js:297:20
execute@server.js:271:11
onPacket/<@server.js:246:15
onPacket@server.js:245:8
_onJSONObjectReady/<@transport.js:500:9
JavaScript error: resource://gre/modules/Sqlite.jsm, line 841: Error: Connection is not open.
1542051407724	mozrunner::runner	INFO	Running command: "/Applications/Firefox.app/Contents/MacOS/firefox-bin" "-marionette" "-foreground" "-no-remote" "-profile" "/var/folders/5h/712zxh_x6g3g5_jd28pth7lm0000gp/T/rust_mozprofile.Spq0vo2GHRnc"
2018-11-12 12:36:49.600 plugin-container[6947:79889] *** CFMessagePort: bootstrap_register(): failed 1100 (0x44c) 'Permission denied', port = 0x773f, name = 'com.apple.tsm.portname'
See /usr/include/servers/bootstrap_defs.h for the error codes.
2018-11-12 12:36:49.985 plugin-container[6948:79914] *** CFMessagePort: bootstrap_register(): failed 1100 (0x44c) 'Permission denied', port = 0x8443, name = 'com.apple.tsm.portname'
See /usr/include/servers/bootstrap_defs.h for the error codes.
1542051410302	Marionette	INFO	Listening on port 52864
1542051410332	Marionette	WARN	TLS certificate errors will be ignored for this session
1542051410406	Marionette	DEBUG	[4294967297] Frame script loaded
1542051410410	Marionette	DEBUG	[4294967297] Frame script registered
1542051410442	Marionette	DEBUG	[4294967297] Received DOM event beforeunload for about:blank
1542051410485	Marionette	DEBUG	[4294967297] Received DOM event pagehide for about:blank
1542051410504	Marionette	DEBUG	[4294967297] Received DOM event DOMContentLoaded for http://localhost:8000/
1542051410728	Marionette	DEBUG	[4294967297] Received DOM event pageshow for http://localhost:8000/
1542051410772	Marionette	INFO	Stopped listening on port 52864
1542051410821	addons.xpi	WARN	Exception running bootstrap method shutdown on activity-stream@mozilla.org: TypeError: setting getter-only property "_currentSearchHostname" (resource://activity-stream/lib/TopSitesFeed.jsm:86:5) JS Stack trace: uninit@TopSitesFeed.jsm:86:5
onAction@TopSitesFeed.jsm:707:9
_middleware/</<@Store.jsm:51:11
Store/this[method]@Store.jsm:29:55
uninit@Store.jsm:170:7
uninit@ActivityStream.jsm:363:5
uninit@resource://gre/modules/addons/XPIProvider.jsm -> jar:file:///Applications/Firefox.app/Contents/Resources/browser/features/activity-stream@bootstrap.js:86:5
shutdown@resource://gre/modules/addons/XPIProvider.jsm -> jar:file:///Applications/Firefox.app/Contents/Resources/browser/features/activity-stream@bootstrap.js:194:3
callBootstrapMethod@XPIProvider.jsm:1592:20
_shutdown@XPIProvider.jsm:1728:12
flushAllWindowsAsync@SessionStore.jsm:1697:7
ssi_onQuitApplicationGranted/<@SessionStore.jsm:1624:27
trigger@AsyncShutdown.jsm:710:23
_wait@AsyncShutdown.jsm:857:7
wait@AsyncShutdown.jsm:841:28
observe@AsyncShutdown.jsm:524:17
GeckoDriver.prototype.quit@driver.js:3319:3
despatch@server.js:297:20
execute@server.js:271:11
onPacket/<@server.js:246:15
onPacket@server.js:245:8
_onJSONObjectReady/<@transport.js:500:9
JavaScript error: resource:///modules/SavantShieldStudy.jsm, line 171: TypeError: this.addonListener is undefined
JavaScript error: resource://gre/modules/Sqlite.jsm, line 841: Error: Connection is not open.
JavaScript error: resource://gre/modules/JSONFile.jsm, line 159: Error: Data is not ready.
JavaScript error: resource://gre/modules/JSONFile.jsm, line 159: Error: Data is not ready.
JavaScript error: resource://gre/modules/JSONFile.jsm, line 159: Error: Data is not ready.
JavaScript error: resource://gre/modules/osfile/osfile_async_front.jsm, line 408: Error: OS.File has been shut down. Rejecting post to DirectoryIterator_prototype_close
JavaScript error: resource://gre/modules/osfile/osfile_async_front.jsm, line 408: Error: OS.File has been shut down. Rejecting post to DirectoryIterator_prototype_close
JavaScript error: resource://gre/modules/ProfileAge.jsm, line 197: Error: Unable to fetch oldest profile entry: Error: OS.File has been shut down. Rejecting post to DirectoryIterator_prototype_next
JavaScript error: resource://gre/modules/ProfileAge.jsm, line 197: Error: Unable to fetch oldest profile entry: Error: OS.File has been shut down. Rejecting post to DirectoryIterator_prototype_next
1542067364509	mozrunner::runner	INFO	Running command: "/Applications/Firefox.app/Contents/MacOS/firefox-bin" "-marionette" "-foreground" "-no-remote" "-profile" "/var/folders/5h/712zxh_x6g3g5_jd28pth7lm0000gp/T/rust_mozprofile.1OZcx0gqUZ2r"
2018-11-12 17:02:46.863 plugin-container[10307:154043] *** CFMessagePort: bootstrap_register(): failed 1100 (0x44c) 'Permission denied', port = 0x763f, name = 'com.apple.tsm.portname'
See /usr/include/servers/bootstrap_defs.h for the error codes.
2018-11-12 17:02:47.116 plugin-container[10308:154065] *** CFMessagePort: bootstrap_register(): failed 1100 (0x44c) 'Permission denied', port = 0x6f43, name = 'com.apple.tsm.portname'
See /usr/include/servers/bootstrap_defs.h for the error codes.
1542067367572	Marionette	INFO	Listening on port 55927
2018-11-12 17:02:47.628 plugin-container[10310:154138] *** CFMessagePort: bootstrap_register(): failed 1100 (0x44c) 'Permission denied', port = 0x7343, name = 'com.apple.tsm.portname'
See /usr/include/servers/bootstrap_defs.h for the error codes.
1542067367630	Marionette	WARN	TLS certificate errors will be ignored for this session
1542067367732	Marionette	DEBUG	[4294967297] Frame script loaded
1542067367746	Marionette	DEBUG	[4294967297] Frame script registered
1542067367821	Marionette	DEBUG	[4294967297] Received DOM event beforeunload for about:blank
1542067367859	Marionette	DEBUG	[4294967297] Received DOM event pagehide for about:blank
1542067367876	Marionette	DEBUG	[4294967297] Received DOM event DOMContentLoaded for http://localhost:8000/
1542067367974	Marionette	DEBUG	[4294967297] Received DOM event pageshow for http://localhost:8000/
1542067368018	Marionette	INFO	Stopped listening on port 55927
1542067368063	addons.xpi	WARN	Exception running bootstrap method shutdown on activity-stream@mozilla.org: TypeError: setting getter-only property "_currentSearchHostname" (resource://activity-stream/lib/TopSitesFeed.jsm:86:5) JS Stack trace: uninit@TopSitesFeed.jsm:86:5
onAction@TopSitesFeed.jsm:707:9
_middleware/</<@Store.jsm:51:11
Store/this[method]@Store.jsm:29:55
uninit@Store.jsm:170:7
uninit@ActivityStream.jsm:363:5
uninit@resource://gre/modules/addons/XPIProvider.jsm -> jar:file:///Applications/Firefox.app/Contents/Resources/browser/features/activity-stream@bootstrap.js:86:5
shutdown@resource://gre/modules/addons/XPIProvider.jsm -> jar:file:///Applications/Firefox.app/Contents/Resources/browser/features/activity-stream@bootstrap.js:194:3
callBootstrapMethod@XPIProvider.jsm:1592:20
_shutdown@XPIProvider.jsm:1728:12
flushAllWindowsAsync@SessionStore.jsm:1697:7
ssi_onQuitApplicationGranted/<@SessionStore.jsm:1624:27
trigger@AsyncShutdown.jsm:710:23
_wait@AsyncShutdown.jsm:857:7
wait@AsyncShutdown.jsm:841:28
observe@AsyncShutdown.jsm:524:17
GeckoDriver.prototype.quit@driver.js:3319:3
despatch@server.js:297:20
execute@server.js:271:11
onPacket/<@server.js:246:15
onPacket@server.js:245:8
_onJSONObjectReady/<@transport.js:500:9
JavaScript error: resource://gre/modules/Sqlite.jsm, line 841: Error: Connection is not open.
JavaScript error: resource://gre/modules/osfile/osfile_async_front.jsm, line 408: Error: OS.File has been shut down. Rejecting post to DirectoryIterator_prototype_close
JavaScript error: resource://gre/modules/ProfileAge.jsm, line 197: Error: Unable to fetch oldest profile entry: Error: OS.File has been shut down. Rejecting request to DirectoryIterator_prototype_next
JavaScript error: resource://gre/modules/osfile/osfile_async_front.jsm, line 408: Error: OS.File has been shut down. Rejecting post to DirectoryIterator_prototype_close
JavaScript error: resource://gre/modules/ProfileAge.jsm, line 197: Error: Unable to fetch oldest profile entry: Error: OS.File has been shut down. Rejecting post to DirectoryIterator_prototype_next
1542068239021	mozrunner::runner	INFO	Running command: "/Applications/Firefox.app/Contents/MacOS/firefox-bin" "-marionette" "-foreground" "-no-remote" "-profile" "/var/folders/5h/712zxh_x6g3g5_jd28pth7lm0000gp/T/rust_mozprofile.QvR0PRHhazke"
2018-11-12 17:17:21.036 plugin-container[10506:157836] *** CFMessagePort: bootstrap_register(): failed 1100 (0x44c) 'Permission denied', port = 0x8a3f, name = 'com.apple.tsm.portname'
See /usr/include/servers/bootstrap_defs.h for the error codes.
2018-11-12 17:17:21.307 plugin-container[10507:157859] *** CFMessagePort: bootstrap_register(): failed 1100 (0x44c) 'Permission denied', port = 0x8507, name = 'com.apple.tsm.portname'
See /usr/include/servers/bootstrap_defs.h for the error codes.
1542068241748	Marionette	INFO	Listening on port 56244
1542068241790	Marionette	WARN	TLS certificate errors will be ignored for this session
1542068241856	Marionette	DEBUG	[4294967297] Frame script loaded
1542068241967	Marionette	DEBUG	[4294967297] Frame script registered
1542068242021	Marionette	DEBUG	[4294967297] Received DOM event beforeunload for about:blank
1542068242098	Marionette	DEBUG	[4294967297] Received DOM event pagehide for about:blank
1542068242117	Marionette	DEBUG	[4294967297] Received DOM event DOMContentLoaded for http://localhost:8000/
1542068242221	Marionette	DEBUG	[4294967297] Received DOM event pageshow for http://localhost:8000/
1542068242281	Marionette	INFO	Stopped listening on port 56244
1542068242328	addons.xpi	WARN	Exception running bootstrap method shutdown on activity-stream@mozilla.org: TypeError: setting getter-only property "_currentSearchHostname" (resource://activity-stream/lib/TopSitesFeed.jsm:86:5) JS Stack trace: uninit@TopSitesFeed.jsm:86:5
onAction@TopSitesFeed.jsm:707:9
_middleware/</<@Store.jsm:51:11
Store/this[method]@Store.jsm:29:55
uninit@Store.jsm:170:7
uninit@ActivityStream.jsm:363:5
uninit@resource://gre/modules/addons/XPIProvider.jsm -> jar:file:///Applications/Firefox.app/Contents/Resources/browser/features/activity-stream@bootstrap.js:86:5
shutdown@resource://gre/modules/addons/XPIProvider.jsm -> jar:file:///Applications/Firefox.app/Contents/Resources/browser/features/activity-stream@bootstrap.js:194:3
callBootstrapMethod@XPIProvider.jsm:1592:20
_shutdown@XPIProvider.jsm:1728:12
flushAllWindowsAsync@SessionStore.jsm:1697:7
ssi_onQuitApplicationGranted/<@SessionStore.jsm:1624:27
trigger@AsyncShutdown.jsm:710:23
_wait@AsyncShutdown.jsm:857:7
wait@AsyncShutdown.jsm:841:28
observe@AsyncShutdown.jsm:524:17
GeckoDriver.prototype.quit@driver.js:3319:3
despatch@server.js:297:20
execute@server.js:271:11
onPacket/<@server.js:246:15
onPacket@server.js:245:8
_onJSONObjectReady/<@transport.js:500:9
2018-11-12 17:17:22.386 plugin-container[10508:157959] *** CFMessagePort: bootstrap_register(): failed 1100 (0x44c) 'Permission denied', port = 0x7443, name = 'com.apple.tsm.portname'
See /usr/include/servers/bootstrap_defs.h for the error codes.
1542068263537	mozrunner::runner	INFO	Running command: "/Applications/Firefox.app/Contents/MacOS/firefox-bin" "-marionette" "-foreground" "-no-remote" "-profile" "/var/folders/5h/712zxh_x6g3g5_jd28pth7lm0000gp/T/rust_mozprofile.qf4O3uHu7fSM"
2018-11-12 17:17:45.638 plugin-container[10519:158230] *** CFMessagePort: bootstrap_register(): failed 1100 (0x44c) 'Permission denied', port = 0x763f, name = 'com.apple.tsm.portname'
See /usr/include/servers/bootstrap_defs.h for the error codes.
2018-11-12 17:17:45.910 plugin-container[10520:158256] *** CFMessagePort: bootstrap_register(): failed 1100 (0x44c) 'Permission denied', port = 0x8603, name = 'com.apple.tsm.portname'
See /usr/include/servers/bootstrap_defs.h for the error codes.
1542068266312	Marionette	INFO	Listening on port 56294
1542068266429	Marionette	WARN	TLS certificate errors will be ignored for this session
1542068266489	Marionette	DEBUG	[4294967297] Frame script loaded
1542068266505	Marionette	DEBUG	[4294967297] Frame script registered
1542068266554	Marionette	DEBUG	[4294967297] Received DOM event beforeunload for about:blank
1542068266597	Marionette	DEBUG	[4294967297] Received DOM event pagehide for about:blank
1542068266630	Marionette	DEBUG	[4294967297] Received DOM event DOMContentLoaded for http://localhost:8000/
1542068266713	Marionette	DEBUG	[4294967297] Received DOM event pageshow for http://localhost:8000/
1542068266805	Marionette	INFO	Stopped listening on port 56294
1542068266853	addons.xpi	WARN	Exception running bootstrap method shutdown on activity-stream@mozilla.org: TypeError: setting getter-only property "_currentSearchHostname" (resource://activity-stream/lib/TopSitesFeed.jsm:86:5) JS Stack trace: uninit@TopSitesFeed.jsm:86:5
onAction@TopSitesFeed.jsm:707:9
_middleware/</<@Store.jsm:51:11
Store/this[method]@Store.jsm:29:55
uninit@Store.jsm:170:7
uninit@ActivityStream.jsm:363:5
uninit@resource://gre/modules/addons/XPIProvider.jsm -> jar:file:///Applications/Firefox.app/Contents/Resources/browser/features/activity-stream@bootstrap.js:86:5
shutdown@resource://gre/modules/addons/XPIProvider.jsm -> jar:file:///Applications/Firefox.app/Contents/Resources/browser/features/activity-stream@bootstrap.js:194:3
callBootstrapMethod@XPIProvider.jsm:1592:20
_shutdown@XPIProvider.jsm:1728:12
flushAllWindowsAsync@SessionStore.jsm:1697:7
ssi_onQuitApplicationGranted/<@SessionStore.jsm:1624:27
trigger@AsyncShutdown.jsm:710:23
_wait@AsyncShutdown.jsm:857:7
wait@AsyncShutdown.jsm:841:28
observe@AsyncShutdown.jsm:524:17
GeckoDriver.prototype.quit@driver.js:3319:3
despatch@server.js:297:20
execute@server.js:271:11
onPacket/<@server.js:246:15
onPacket@server.js:245:8
_onJSONObjectReady/<@transport.js:500:9
2018-11-12 17:17:46.932 plugin-container[10521:158354] *** CFMessagePort: bootstrap_register(): failed 1100 (0x44c) 'Permission denied', port = 0x6c3f, name = 'com.apple.tsm.portname'
See /usr/include/servers/bootstrap_defs.h for the error codes.
1542124756452	mozrunner::runner	INFO	Running command: "/Applications/Firefox.app/Contents/MacOS/firefox-bin" "-marionette" "-foreground" "-no-remote" "-profile" "/var/folders/5h/712zxh_x6g3g5_jd28pth7lm0000gp/T/rust_mozprofile.rMUHAM80TAND"
2018-11-13 08:59:18.626 plugin-container[14626:215801] *** CFMessagePort: bootstrap_register(): failed 1100 (0x44c) 'Permission denied', port = 0x8843, name = 'com.apple.tsm.portname'
See /usr/include/servers/bootstrap_defs.h for the error codes.
2018-11-13 08:59:18.909 plugin-container[14627:215823] *** CFMessagePort: bootstrap_register(): failed 1100 (0x44c) 'Permission denied', port = 0x8d3f, name = 'com.apple.tsm.portname'
See /usr/include/servers/bootstrap_defs.h for the error codes.
1542124759303	Marionette	INFO	Listening on port 59062
1542124759341	Marionette	WARN	TLS certificate errors will be ignored for this session
1542124759411	Marionette	DEBUG	[4294967297] Frame script loaded
1542124759414	Marionette	DEBUG	[4294967297] Frame script registered
1542124759455	Marionette	DEBUG	[4294967297] Received DOM event beforeunload for about:blank
1542124759535	Marionette	DEBUG	[4294967297] Received DOM event pagehide for about:blank
1542124759550	Marionette	DEBUG	[4294967297] Received DOM event DOMContentLoaded for http://localhost:8000/
1542124759611	Marionette	DEBUG	[4294967297] Received DOM event pageshow for http://localhost:8000/
1542124759650	Marionette	INFO	Stopped listening on port 59062
1542124759688	addons.xpi	WARN	Exception running bootstrap method shutdown on activity-stream@mozilla.org: TypeError: setting getter-only property "_currentSearchHostname" (resource://activity-stream/lib/TopSitesFeed.jsm:86:5) JS Stack trace: uninit@TopSitesFeed.jsm:86:5
onAction@TopSitesFeed.jsm:707:9
_middleware/</<@Store.jsm:51:11
Store/this[method]@Store.jsm:29:55
uninit@Store.jsm:170:7
uninit@ActivityStream.jsm:363:5
uninit@resource://gre/modules/addons/XPIProvider.jsm -> jar:file:///Applications/Firefox.app/Contents/Resources/browser/features/activity-stream@bootstrap.js:86:5
shutdown@resource://gre/modules/addons/XPIProvider.jsm -> jar:file:///Applications/Firefox.app/Contents/Resources/browser/features/activity-stream@bootstrap.js:194:3
callBootstrapMethod@XPIProvider.jsm:1592:20
_shutdown@XPIProvider.jsm:1728:12
flushAllWindowsAsync@SessionStore.jsm:1697:7
ssi_onQuitApplicationGranted/<@SessionStore.jsm:1624:27
trigger@AsyncShutdown.jsm:710:23
_wait@AsyncShutdown.jsm:857:7
wait@AsyncShutdown.jsm:841:28
observe@AsyncShutdown.jsm:524:17
GeckoDriver.prototype.quit@driver.js:3319:3
despatch@server.js:297:20
execute@server.js:271:11
onPacket/<@server.js:246:15
onPacket@server.js:245:8
_onJSONObjectReady/<@transport.js:500:9
JavaScript error: resource://gre/modules/Sqlite.jsm, line 841: Error: Connection is not open.
1542131957643	mozrunner::runner	INFO	Running command: "/Applications/Firefox.app/Contents/MacOS/firefox-bin" "-marionette" "-foreground" "-no-remote" "-profile" "/var/folders/5h/712zxh_x6g3g5_jd28pth7lm0000gp/T/rust_mozprofile.UM9gm8eAq39j"
2018-11-13 10:59:19.757 plugin-container[16226:254090] *** CFMessagePort: bootstrap_register(): failed 1100 (0x44c) 'Permission denied', port = 0x773f, name = 'com.apple.tsm.portname'
See /usr/include/servers/bootstrap_defs.h for the error codes.
2018-11-13 10:59:20.044 plugin-container[16227:254112] *** CFMessagePort: bootstrap_register(): failed 1100 (0x44c) 'Permission denied', port = 0x7143, name = 'com.apple.tsm.portname'
See /usr/include/servers/bootstrap_defs.h for the error codes.
1542131960453	Marionette	INFO	Listening on port 61198
1542131960537	Marionette	WARN	TLS certificate errors will be ignored for this session
1542131960596	Marionette	DEBUG	[4294967297] Frame script loaded
1542131960612	Marionette	DEBUG	[4294967297] Frame script registered
1542131960661	Marionette	DEBUG	[4294967297] Received DOM event beforeunload for about:blank
1542131960716	Marionette	DEBUG	[4294967297] Received DOM event pagehide for about:blank
1542131960731	Marionette	DEBUG	[4294967297] Received DOM event DOMContentLoaded for http://localhost:8000/
1542131960800	Marionette	DEBUG	[4294967297] Received DOM event pageshow for http://localhost:8000/
2018-11-13 10:59:20.973 plugin-container[16228:254218] *** CFMessagePort: bootstrap_register(): failed 1100 (0x44c) 'Permission denied', port = 0x883f, name = 'com.apple.tsm.portname'
See /usr/include/servers/bootstrap_defs.h for the error codes.
1542131965875	Marionette	INFO	Stopped listening on port 61198
1543264122260	mozrunner::runner	INFO	Running command: "/Applications/Firefox.app/Contents/MacOS/firefox-bin" "-marionette" "-foreground" "-no-remote" "-profile" "/var/folders/5h/712zxh_x6g3g5_jd28pth7lm0000gp/T/rust_mozprofile.QefOmL9h4ilD"
2018-11-26 13:28:44.901 plugin-container[55896:1497714] *** CFMessagePort: bootstrap_register(): failed 1100 (0x44c) 'Permission denied', port = 0x6c3f, name = 'com.apple.tsm.portname'
See /usr/include/servers/bootstrap_defs.h for the error codes.
2018-11-26 13:28:45.419 plugin-container[55898:1497747] *** CFMessagePort: bootstrap_register(): failed 1100 (0x44c) 'Permission denied', port = 0x8907, name = 'com.apple.tsm.portname'
See /usr/include/servers/bootstrap_defs.h for the error codes.
1543264126067	Marionette	INFO	Listening on port 57009
1543264126177	Marionette	WARN	TLS certificate errors will be ignored for this session
1543264126265	Marionette	DEBUG	[4294967297] Frame script loaded
1543264126275	Marionette	DEBUG	[4294967297] Frame script registered
2018-11-26 13:28:46.309 plugin-container[55899:1497843] *** CFMessagePort: bootstrap_register(): failed 1100 (0x44c) 'Permission denied', port = 0x8843, name = 'com.apple.tsm.portname'
See /usr/include/servers/bootstrap_defs.h for the error codes.
1543264126342	Marionette	DEBUG	[4294967297] Received DOM event beforeunload for about:blank
1543264126383	Marionette	DEBUG	[4294967297] Received DOM event pagehide for about:blank
1543264126406	Marionette	DEBUG	[4294967297] Received DOM event DOMContentLoaded for http://localhost:8000/
1543264126520	Marionette	DEBUG	[4294967297] Received DOM event pageshow for http://localhost:8000/
1543264131580	Marionette	INFO	Stopped listening on port 57009
1543265635216	mozrunner::runner	INFO	Running command: "/Applications/Firefox.app/Contents/MacOS/firefox-bin" "-marionette" "-foreground" "-no-remote" "-profile" "/var/folders/5h/712zxh_x6g3g5_jd28pth7lm0000gp/T/rust_mozprofile.Q2bZ5KrNoTHZ"
2018-11-26 13:53:57.875 plugin-container[57114:1509810] *** CFMessagePort: bootstrap_register(): failed 1100 (0x44c) 'Permission denied', port = 0x703f, name = 'com.apple.tsm.portname'
See /usr/include/servers/bootstrap_defs.h for the error codes.
2018-11-26 13:53:58.329 plugin-container[57115:1509838] *** CFMessagePort: bootstrap_register(): failed 1100 (0x44c) 'Permission denied', port = 0x7943, name = 'com.apple.tsm.portname'
See /usr/include/servers/bootstrap_defs.h for the error codes.
1543265638904	Marionette	INFO	Listening on port 57533
1543265638935	Marionette	WARN	TLS certificate errors will be ignored for this session
1543265639033	Marionette	DEBUG	[4294967297] Frame script loaded
1543265639046	Marionette	DEBUG	[4294967297] Frame script registered
1543265639091	Marionette	DEBUG	[4294967297] Received DOM event beforeunload for about:blank
1543265639126	Marionette	DEBUG	[4294967297] Received DOM event pagehide for about:blank
1543265639142	Marionette	DEBUG	[4294967297] Received DOM event DOMContentLoaded for http://localhost:8000/
2018-11-26 13:53:59.197 plugin-container[57116:1509936] *** CFMessagePort: bootstrap_register(): failed 1100 (0x44c) 'Permission denied', port = 0x9207, name = 'com.apple.tsm.portname'
See /usr/include/servers/bootstrap_defs.h for the error codes.
1543265639213	Marionette	DEBUG	[4294967297] Received DOM event pageshow for http://localhost:8000/
1543265644255	Marionette	INFO	Stopped listening on port 57533
1543265644274	Marionette	DEBUG	[6442450945] Frame script loaded
1543265644301	Marionette	DEBUG	[6442450945] Frame script registered
1543265644366	Marionette	DEBUG	[6442450947] Frame script loaded
1543265644367	Marionette	DEBUG	[6442450947] Frame script registered
